# JRE version: OpenJDK Runtime Environment (7.0_55-b14) (build 1.7.0_55-b14)
# Java VM: OpenJDK 64-Bit Server VM (24.51-b03 mixed mode linux-amd64 compressed oops)
Heap
 PSYoungGen      total 113664K, used 3228K [0x00000000f8000000, 0x0000000100000000, 0x0000000100000000)
  eden space 96256K, 3% used [0x00000000f8000000,0x00000000f8327028,0x00000000fde00000)
  from space 17408K, 0% used [0x00000000fef00000,0x00000000fef00000,0x0000000100000000)
  to   space 17408K, 0% used [0x00000000fde00000,0x00000000fde00000,0x00000000fef00000)
 ParOldGen       total 58368K, used 27765K [0x00000000e8000000, 0x00000000eb900000, 0x00000000f8000000)
  object space 58368K, 47% used [0x00000000e8000000,0x00000000e9b1d668,0x00000000eb900000)
 PSPermGen       total 93696K, used 62977K [0x00000000d8000000, 0x00000000ddb80000, 0x00000000e8000000)
  object space 93696K, 67% used [0x00000000d8000000,0x00000000dbd80708,0x00000000ddb80000)
GC Heap History (10 events):
Event: 449.111 GC heap before
{Heap before GC invocations=24 (full 6):
 PSYoungGen      total 113152K, used 4243K [0x00000000f8000000, 0x0000000100000000, 0x0000000100000000)
  eden space 94208K, 0% used [0x00000000f8000000,0x00000000f8000000,0x00000000fdc00000)
  from space 18944K, 22% used [0x00000000fed80000,0x00000000ff1a4f38,0x0000000100000000)
  to   space 17920K, 0% used [0x00000000fdc00000,0x00000000fdc00000,0x00000000fed80000)
 ParOldGen       total 58368K, used 34828K [0x00000000e8000000, 0x00000000eb900000, 0x00000000f8000000)
  object space 58368K, 59% used [0x00000000e8000000,0x00000000ea203360,0x00000000eb900000)
 PSPermGen       total 100352K, used 62139K [0x00000000d8000000, 0x00000000de200000, 0x00000000e8000000)
  object space 100352K, 61% used [0x00000000d8000000,0x00000000dbcaef10,0x00000000de200000)
Event: 449.360 GC heap after
Heap after GC invocations=24 (full 6):
 PSYoungGen      total 113152K, used 0K [0x00000000f8000000, 0x0000000100000000, 0x0000000100000000)
  eden space 94208K, 0% used [0x00000000f8000000,0x00000000f8000000,0x00000000fdc00000)
  from space 18944K, 0% used [0x00000000fed80000,0x00000000fed80000,0x0000000100000000)
  to   space 17920K, 0% used [0x00000000fdc00000,0x00000000fdc00000,0x00000000fed80000)
 ParOldGen       total 58368K, used 30384K [0x00000000e8000000, 0x00000000eb900000, 0x00000000f8000000)
  object space 58368K, 52% used [0x00000000e8000000,0x00000000e9dac0a0,0x00000000eb900000)
 PSPermGen       total 99840K, used 62134K [0x00000000d8000000, 0x00000000de180000, 0x00000000e8000000)
  object space 99840K, 62% used [0x00000000d8000000,0x00000000dbcad850,0x00000000de180000)
}
Event: 509.089 GC heap before
{Heap before GC invocations=25 (full 6):
 PSYoungGen      total 113152K, used 1438K [0x00000000f8000000, 0x0000000100000000, 0x0000000100000000)
  eden space 94208K, 1% used [0x00000000f8000000,0x00000000f8167ab0,0x00000000fdc00000)
  from space 18944K, 0% used [0x00000000fed80000,0x00000000fed80000,0x0000000100000000)
  to   space 17920K, 0% used [0x00000000fdc00000,0x00000000fdc00000,0x00000000fed80000)
 ParOldGen       total 58368K, used 30384K [0x00000000e8000000, 0x00000000eb900000, 0x00000000f8000000)
  object space 58368K, 52% used [0x00000000e8000000,0x00000000e9dac0a0,0x00000000eb900000)
 PSPermGen       total 99840K, used 62134K [0x00000000d8000000, 0x00000000de180000, 0x00000000e8000000)
  object space 99840K, 62% used [0x00000000d8000000,0x00000000dbcad850,0x00000000de180000)
Event: 509.099 GC heap after
Heap after GC invocations=25 (full 6):
 PSYoungGen      total 112128K, used 64K [0x00000000f8000000, 0x0000000100000000, 0x0000000100000000)
  eden space 94208K, 0% used [0x00000000f8000000,0x00000000f8000000,0x00000000fdc00000)
  from space 17920K, 0% used [0x00000000fdc00000,0x00000000fdc10000,0x00000000fed80000)
  to   space 17408K, 0% used [0x00000000fef00000,0x00000000fef00000,0x0000000100000000)
 ParOldGen       total 58368K, used 30384K [0x00000000e8000000, 0x00000000eb900000, 0x00000000f8000000)
  object space 58368K, 52% used [0x00000000e8000000,0x00000000e9dac0a0,0x00000000eb900000)
 PSPermGen       total 99840K, used 62134K [0x00000000d8000000, 0x00000000de180000, 0x00000000e8000000)
  object space 99840K, 62% used [0x00000000d8000000,0x00000000dbcad850,0x00000000de180000)
}
Event: 509.099 GC heap before
{Heap before GC invocations=26 (full 7):
 PSYoungGen      total 112128K, used 64K [0x00000000f8000000, 0x0000000100000000, 0x0000000100000000)
  eden space 94208K, 0% used [0x00000000f8000000,0x00000000f8000000,0x00000000fdc00000)
  from space 17920K, 0% used [0x00000000fdc00000,0x00000000fdc10000,0x00000000fed80000)
  to   space 17408K, 0% used [0x00000000fef00000,0x00000000fef00000,0x0000000100000000)
 ParOldGen       total 58368K, used 30384K [0x00000000e8000000, 0x00000000eb900000, 0x00000000f8000000)
  object space 58368K, 52% used [0x00000000e8000000,0x00000000e9dac0a0,0x00000000eb900000)
 PSPermGen       total 99840K, used 62134K [0x00000000d8000000, 0x00000000de180000, 0x00000000e8000000)
  object space 99840K, 62% used [0x00000000d8000000,0x00000000dbcad850,0x00000000de180000)
Event: 509.334 GC heap after
Heap after GC invocations=26 (full 7):
 PSYoungGen      total 112128K, used 0K [0x00000000f8000000, 0x0000000100000000, 0x0000000100000000)
  eden space 94208K, 0% used [0x00000000f8000000,0x00000000f8000000,0x00000000fdc00000)
  from space 17920K, 0% used [0x00000000fdc00000,0x00000000fdc00000,0x00000000fed80000)
  to   space 17408K, 0% used [0x00000000fef00000,0x00000000fef00000,0x0000000100000000)
 ParOldGen       total 58368K, used 28717K [0x00000000e8000000, 0x00000000eb900000, 0x00000000f8000000)
  object space 58368K, 49% used [0x00000000e8000000,0x00000000e9c0b758,0x00000000eb900000)
 PSPermGen       total 96768K, used 62134K [0x00000000d8000000, 0x00000000dde80000, 0x00000000e8000000)
  object space 96768K, 64% used [0x00000000d8000000,0x00000000dbcad850,0x00000000dde80000)
}
Event: 569.090 GC heap before
{Heap before GC invocations=27 (full 7):
 PSYoungGen      total 112128K, used 1554K [0x00000000f8000000, 0x0000000100000000, 0x0000000100000000)
  eden space 94208K, 1% used [0x00000000f8000000,0x00000000f8184860,0x00000000fdc00000)
  from space 17920K, 0% used [0x00000000fdc00000,0x00000000fdc00000,0x00000000fed80000)
  to   space 17408K, 0% used [0x00000000fef00000,0x00000000fef00000,0x0000000100000000)
 ParOldGen       total 58368K, used 28717K [0x00000000e8000000, 0x00000000eb900000, 0x00000000f8000000)
  object space 58368K, 49% used [0x00000000e8000000,0x00000000e9c0b758,0x00000000eb900000)
 PSPermGen       total 96768K, used 62134K [0x00000000d8000000, 0x00000000dde80000, 0x00000000e8000000)
  object space 96768K, 64% used [0x00000000d8000000,0x00000000dbcad850,0x00000000dde80000)
Event: 569.106 GC heap after
Heap after GC invocations=27 (full 7):
 PSYoungGen      total 113664K, used 32K [0x00000000f8000000, 0x0000000100000000, 0x0000000100000000)
  eden space 96256K, 0% used [0x00000000f8000000,0x00000000f8000000,0x00000000fde00000)
  from space 17408K, 0% used [0x00000000fef00000,0x00000000fef08000,0x0000000100000000)
  to   space 17408K, 0% used [0x00000000fde00000,0x00000000fde00000,0x00000000fef00000)
 ParOldGen       total 58368K, used 28717K [0x00000000e8000000, 0x00000000eb900000, 0x00000000f8000000)
  object space 58368K, 49% used [0x00000000e8000000,0x00000000e9c0b758,0x00000000eb900000)
 PSPermGen       total 96768K, used 62134K [0x00000000d8000000, 0x00000000dde80000, 0x00000000e8000000)
  object space 96768K, 64% used [0x00000000d8000000,0x00000000dbcad850,0x00000000dde80000)
}
Event: 569.106 GC heap before
{Heap before GC invocations=28 (full 8):
 PSYoungGen      total 113664K, used 32K [0x00000000f8000000, 0x0000000100000000, 0x0000000100000000)
  eden space 96256K, 0% used [0x00000000f8000000,0x00000000f8000000,0x00000000fde00000)
  from space 17408K, 0% used [0x00000000fef00000,0x00000000fef08000,0x0000000100000000)
  to   space 17408K, 0% used [0x00000000fde00000,0x00000000fde00000,0x00000000fef00000)
 ParOldGen       total 58368K, used 28717K [0x00000000e8000000, 0x00000000eb900000, 0x00000000f8000000)
  object space 58368K, 49% used [0x00000000e8000000,0x00000000e9c0b758,0x00000000eb900000)
 PSPermGen       total 96768K, used 62134K [0x00000000d8000000, 0x00000000dde80000, 0x00000000e8000000)
  object space 96768K, 64% used [0x00000000d8000000,0x00000000dbcad850,0x00000000dde80000)
Event: 569.350 GC heap after
Heap after GC invocations=28 (full 8):
 PSYoungGen      total 113664K, used 0K [0x00000000f8000000, 0x0000000100000000, 0x0000000100000000)
  eden space 96256K, 0% used [0x00000000f8000000,0x00000000f8000000,0x00000000fde00000)
  from space 17408K, 0% used [0x00000000fef00000,0x00000000fef00000,0x0000000100000000)
  to   space 17408K, 0% used [0x00000000fde00000,0x00000000fde00000,0x00000000fef00000)
 ParOldGen       total 58368K, used 27765K [0x00000000e8000000, 0x00000000eb900000, 0x00000000f8000000)
  object space 58368K, 47% used [0x00000000e8000000,0x00000000e9b1d668,0x00000000eb900000)
 PSPermGen       total 93696K, used 62134K [0x00000000d8000000, 0x00000000ddb80000, 0x00000000e8000000)
  object space 93696K, 66% used [0x00000000d8000000,0x00000000dbcad850,0x00000000ddb80000)
}

